  ImageHandler.cpp
c:\users\raz\source\repos\sweko-lens\sweko_lens\sweko_lens\imagehandler.cpp(62): warning C4244: '*=': conversion from 'double' to 'int', possible loss of data
c:\users\raz\source\repos\sweko-lens\sweko_lens\sweko_lens\imagehandler.cpp(189): warning C4838: conversion from 'double' to 'float' requires a narrowing conversion
c:\users\raz\source\repos\sweko-lens\sweko_lens\sweko_lens\imagehandler.cpp(189): warning C4305: 'initializing': truncation from 'double' to 'float'
c:\users\raz\source\repos\sweko-lens\sweko_lens\sweko_lens\imagehandler.cpp(205): warning C4244: 'argument': conversion from 'float' to 'uchar', possible loss of data
c:\program files (x86)\microsoft visual studio\2017\community\vc\tools\msvc\14.11.25503\include\xstddef(156): error C2678: binary '<': no operator found which takes a left-hand operand of type 'const P' (or there is no acceptable conversion)
  c:\program files (x86)\microsoft visual studio\2017\community\vc\tools\msvc\14.11.25503\include\system_error(407): note: could be 'bool std::operator <(const std::error_condition &,const std::error_condition &) noexcept'
  c:\program files (x86)\microsoft visual studio\2017\community\vc\tools\msvc\14.11.25503\include\system_error(400): note: or       'bool std::operator <(const std::error_code &,const std::error_code &) noexcept'
  c:\program files (x86)\microsoft visual studio\2017\community\vc\tools\msvc\14.11.25503\include\xstddef(156): note: while trying to match the argument list '(const P, const P)'
  c:\program files (x86)\microsoft visual studio\2017\community\vc\tools\msvc\14.11.25503\include\xstddef(155): note: while compiling class template member function 'bool std::less<_Kty>::operator ()(const _Ty &,const _Ty &) const'
          with
          [
              _Kty=P,
              _Ty=P
          ]
  c:\program files (x86)\microsoft visual studio\2017\community\vc\tools\msvc\14.11.25503\include\xutility(944): note: see reference to function template instantiation 'bool std::less<_Kty>::operator ()(const _Ty &,const _Ty &) const' being compiled
          with
          [
              _Kty=P,
              _Ty=P
          ]
  c:\program files (x86)\microsoft visual studio\2017\community\vc\tools\msvc\14.11.25503\include\type_traits(575): note: see reference to class template instantiation 'std::less<_Kty>' being compiled
          with
          [
              _Kty=P
          ]
  c:\program files (x86)\microsoft visual studio\2017\community\vc\tools\msvc\14.11.25503\include\xutility(289): note: see reference to class template instantiation 'std::is_empty<_Ty1>' being compiled
          with
          [
              _Ty1=std::less<P>
          ]
  c:\program files (x86)\microsoft visual studio\2017\community\vc\tools\msvc\14.11.25503\include\xtree(841): note: see reference to class template instantiation 'std::_Tree_comp_alloc<_Traits>' being compiled
          with
          [
              _Traits=std::_Tset_traits<P,std::less<P>,std::allocator<P>,false>
          ]
  c:\program files (x86)\microsoft visual studio\2017\community\vc\tools\msvc\14.11.25503\include\set(45): note: see reference to class template instantiation 'std::_Tree<std::_Tset_traits<_Kty,_Pr,_Alloc,false>>' being compiled
          with
          [
              _Kty=P,
              _Pr=std::less<P>,
              _Alloc=std::allocator<P>
          ]
  c:\users\raz\source\repos\sweko-lens\sweko_lens\sweko_lens\imagehandler.cpp(79): note: see reference to class template instantiation 'std::set<P,std::less<_Kty>,std::allocator<_Kty>>' being compiled
          with
          [
              _Kty=P
          ]
